  [1m[36m (1.6ms)[0m  [1mCREATE TABLE "schema_migrations" ("version" varchar NOT NULL) [0m
  [1m[35m (0.1ms)[0m  select sqlite_version(*)
  [1m[36m (1.5ms)[0m  [1mCREATE UNIQUE INDEX "unique_schema_migrations" ON "schema_migrations" ("version")[0m
  [1m[35mActiveRecord::SchemaMigration Load (0.1ms)[0m  SELECT "schema_migrations".* FROM "schema_migrations"
Migrating to CreateVideos (20150416174559)
  [1m[36m (0.1ms)[0m  [1mbegin transaction[0m
  [1m[35m (0.5ms)[0m  CREATE TABLE "videos" ("id" INTEGER PRIMARY KEY AUTOINCREMENT NOT NULL, "publisher" varchar, "title" varchar, "url" varchar, "source" varchar, "created_at" datetime NOT NULL, "updated_at" datetime NOT NULL) 
  [1m[36mSQL (0.2ms)[0m  [1mINSERT INTO "schema_migrations" ("version") VALUES (?)[0m  [["version", "20150416174559"]]
  [1m[35m (1.7ms)[0m  commit transaction
  [1m[36mActiveRecord::SchemaMigration Load (0.1ms)[0m  [1mSELECT "schema_migrations".* FROM "schema_migrations"[0m
  [1m[36mActiveRecord::SchemaMigration Load (0.4ms)[0m  [1mSELECT "schema_migrations".* FROM "schema_migrations"[0m
  [1m[35m (0.1ms)[0m  begin transaction
  [1m[36mSQL (10.8ms)[0m  [1mINSERT INTO "videos" ("publisher", "title", "url", "source", "created_at", "updated_at") VALUES (?, ?, ?, ?, ?, ?)[0m  [["publisher", "TALEGAS619"], ["title", "Justice Live 2006"], ["url", "https://youtu.be/4W1S7lYo_1M"], ["source", "YouTube"], ["created_at", "2015-04-16 17:53:11.263404"], ["updated_at", "2015-04-16 17:53:11.263404"]]
  [1m[35m (1.2ms)[0m  commit transaction
  [1m[36mActiveRecord::SchemaMigration Load (0.1ms)[0m  [1mSELECT "schema_migrations".* FROM "schema_migrations"[0m
  [1m[35m (0.1ms)[0m  begin transaction
  [1m[36mSQL (0.4ms)[0m  [1mINSERT INTO "videos" ("publisher", "title", "url", "source", "created_at", "updated_at") VALUES (?, ?, ?, ?, ?, ?)[0m  [["publisher", "TALEGAS619"], ["title", "Justice Live 2006"], ["url", "https://youtu.be/4W1S7lYo_1M"], ["source", "YouTube"], ["created_at", "2015-04-16 17:53:28.132799"], ["updated_at", "2015-04-16 17:53:28.132799"]]
  [1m[35m (1.1ms)[0m  commit transaction
  [1m[36m (0.0ms)[0m  [1mbegin transaction[0m
  [1m[35mSQL (0.2ms)[0m  INSERT INTO "videos" ("publisher", "title", "url", "source", "created_at", "updated_at") VALUES (?, ?, ?, ?, ?, ?)  [["publisher", "Record Makers"], ["title", "Kavinsky - Nightcall"], ["url", "https://youtu.be/MV_3Dpw-BRY"], ["source", "YouTube"], ["created_at", "2015-04-16 17:53:28.138063"], ["updated_at", "2015-04-16 17:53:28.138063"]]
  [1m[36m (1.2ms)[0m  [1mcommit transaction[0m
  [1m[35m (0.0ms)[0m  begin transaction
  [1m[36mSQL (0.2ms)[0m  [1mINSERT INTO "videos" ("publisher", "title", "url", "source", "created_at", "updated_at") VALUES (?, ?, ?, ?, ?, ?)[0m  [["publisher", "Drake Vevo"], ["title", "Drake - Started from the bottom"], ["url", "https://youtu.be/RubBzkZzpUA"], ["source", "YouTube"], ["created_at", "2015-04-16 17:53:28.140802"], ["updated_at", "2015-04-16 17:53:28.140802"]]
  [1m[35m (1.1ms)[0m  commit transaction


Started GET "/" for ::1 at 2015-04-16 13:54:21 -0400
  [1m[36mActiveRecord::SchemaMigration Load (0.1ms)[0m  [1mSELECT "schema_migrations".* FROM "schema_migrations"[0m
Processing by Rails::WelcomeController#index as HTML
  Rendered /Users/dvorkin212/.rbenv/versions/2.2.1/lib/ruby/gems/2.2.0/gems/railties-4.2.1/lib/rails/templates/rails/welcome/index.html.erb (2.2ms)
Completed 200 OK in 74ms (Views: 56.4ms | ActiveRecord: 0.0ms)


Started GET "/videos" for ::1 at 2015-04-16 13:54:25 -0400
Processing by VideosController#index as HTML
  Rendered videos/index.html.erb within layouts/application (0.7ms)
Completed 200 OK in 2094ms (Views: 2091.5ms | ActiveRecord: 0.0ms)


Started GET "/assets/videos.self-e3b0c44298fc1c149afbf4c8996fb92427ae41e4649b934ca495991b7852b855.css?body=1" for ::1 at 2015-04-16 13:54:28 -0400


Started GET "/assets/videos.self-877aef30ae1b040ab8a3aba4e3e309a11d7f2612f44dde450b5c157aa5f95c05.js?body=1" for ::1 at 2015-04-16 13:54:28 -0400


Started GET "/videos" for ::1 at 2015-04-16 14:04:03 -0400
Processing by VideosController#index as HTML
  [1m[35mVideo Load (0.2ms)[0m  SELECT "videos".* FROM "videos"
  Rendered videos/index.html.erb within layouts/application (13.0ms)
Completed 200 OK in 57ms (Views: 54.7ms | ActiveRecord: 0.7ms)


Started GET "/assets/application.self-e80e8f2318043e8af94dddc2adad5a4f09739a8ebb323b3ab31cd71d45fd9113.css?body=1" for ::1 at 2015-04-16 14:04:03 -0400


Started GET "/assets/jquery.self-d03a5518f45df77341bdbe6201ba3bfa547ebba8ed64f0ea56bfa5f96ea7c074.js?body=1" for ::1 at 2015-04-16 14:04:03 -0400


Started GET "/assets/jquery_ujs.self-8e98a7a072a6cee1372d19fff9ff3e6aa1e39a37d89d6f06861637d061113ee7.js?body=1" for ::1 at 2015-04-16 14:04:03 -0400


Started GET "/assets/turbolinks.self-c37727e9bd6b2735da5c311aa83fead54ed0be6cc8bd9a65309e9c5abe2cbfff.js?body=1" for ::1 at 2015-04-16 14:04:03 -0400


Started GET "/assets/videos.self-e3b0c44298fc1c149afbf4c8996fb92427ae41e4649b934ca495991b7852b855.css?body=1" for ::1 at 2015-04-16 14:04:03 -0400


Started GET "/assets/videos.self-877aef30ae1b040ab8a3aba4e3e309a11d7f2612f44dde450b5c157aa5f95c05.js?body=1" for ::1 at 2015-04-16 14:04:03 -0400


Started GET "/assets/application.self-3b8dabdc891efe46b9a144b400ad69e37d7e5876bdc39dee783419a69d7ca819.js?body=1" for ::1 at 2015-04-16 14:04:03 -0400


Started GET "/videos" for ::1 at 2015-04-16 14:21:07 -0400
  [1m[36mActiveRecord::SchemaMigration Load (0.1ms)[0m  [1mSELECT "schema_migrations".* FROM "schema_migrations"[0m
Processing by VideosController#index as HTML
  [1m[35mVideo Load (0.2ms)[0m  SELECT "videos".* FROM "videos"
  Rendered videos/index.html.erb within layouts/application (97.7ms)
Completed 500 Internal Server Error in 105ms (ActiveRecord: 0.5ms)

ActionView::Template::Error (undefined local variable or method `videos' for #<#<Class:0x007f8562ca7710>:0x007f8562ca6c98>):
    2: 
    3: <% @videos.each do |video| %>
    4: 	<p><%= video.title %> :: Published by: <%= video.publisher %></p>
    5: 	<iframe width="560" height="315" src="https://www.youtube.com/embed/<%= videos.youtube_id %>" frameborder="0" allowfullscreen></iframe>
    6: <% end %>
  app/views/videos/index.html.erb:5:in `block in _app_views_videos_index_html_erb__2262678577178521249_70105432403200'
  app/views/videos/index.html.erb:3:in `_app_views_videos_index_html_erb__2262678577178521249_70105432403200'


  Rendered /Users/dvorkin212/.rbenv/versions/2.2.1/lib/ruby/gems/2.2.0/gems/actionpack-4.2.1/lib/action_dispatch/middleware/templates/rescues/_source.erb (13.0ms)
  Rendered /Users/dvorkin212/.rbenv/versions/2.2.1/lib/ruby/gems/2.2.0/gems/actionpack-4.2.1/lib/action_dispatch/middleware/templates/rescues/_trace.html.erb (3.2ms)
  Rendered /Users/dvorkin212/.rbenv/versions/2.2.1/lib/ruby/gems/2.2.0/gems/actionpack-4.2.1/lib/action_dispatch/middleware/templates/rescues/_request_and_response.html.erb (1.3ms)
  Rendered /Users/dvorkin212/.rbenv/versions/2.2.1/lib/ruby/gems/2.2.0/gems/actionpack-4.2.1/lib/action_dispatch/middleware/templates/rescues/template_error.html.erb within rescues/layout (87.6ms)
  Rendered /Users/dvorkin212/.rbenv/versions/2.2.1/lib/ruby/gems/2.2.0/gems/web-console-2.1.2/lib/web_console/templates/_markup.html.erb (0.6ms)
  Rendered /Users/dvorkin212/.rbenv/versions/2.2.1/lib/ruby/gems/2.2.0/gems/web-console-2.1.2/lib/web_console/templates/style.css.erb within layouts/inlined_string (0.4ms)
  Rendered /Users/dvorkin212/.rbenv/versions/2.2.1/lib/ruby/gems/2.2.0/gems/web-console-2.1.2/lib/web_console/templates/_inner_console_markup.html.erb within layouts/inlined_string (0.5ms)
  Rendered /Users/dvorkin212/.rbenv/versions/2.2.1/lib/ruby/gems/2.2.0/gems/web-console-2.1.2/lib/web_console/templates/_prompt_box_markup.html.erb within layouts/inlined_string (0.4ms)
  Rendered /Users/dvorkin212/.rbenv/versions/2.2.1/lib/ruby/gems/2.2.0/gems/web-console-2.1.2/lib/web_console/templates/console.js.erb within layouts/javascript (87.0ms)
  Rendered /Users/dvorkin212/.rbenv/versions/2.2.1/lib/ruby/gems/2.2.0/gems/web-console-2.1.2/lib/web_console/templates/main.js.erb within layouts/javascript (0.3ms)
  Rendered /Users/dvorkin212/.rbenv/versions/2.2.1/lib/ruby/gems/2.2.0/gems/web-console-2.1.2/lib/web_console/templates/error_page.js.erb within layouts/javascript (0.5ms)
  Rendered /Users/dvorkin212/.rbenv/versions/2.2.1/lib/ruby/gems/2.2.0/gems/web-console-2.1.2/lib/web_console/templates/index.html.erb (209.1ms)


Started GET "/videos" for ::1 at 2015-04-16 14:21:24 -0400
Processing by VideosController#index as HTML
  [1m[36mVideo Load (0.2ms)[0m  [1mSELECT "videos".* FROM "videos"[0m
  Rendered videos/index.html.erb within layouts/application (1.4ms)
Completed 200 OK in 154ms (Views: 153.4ms | ActiveRecord: 0.2ms)


Started GET "/assets/videos.self-e3b0c44298fc1c149afbf4c8996fb92427ae41e4649b934ca495991b7852b855.css?body=1" for ::1 at 2015-04-16 14:21:25 -0400


Started GET "/assets/jquery.self-d03a5518f45df77341bdbe6201ba3bfa547ebba8ed64f0ea56bfa5f96ea7c074.js?body=1" for ::1 at 2015-04-16 14:21:25 -0400


Started GET "/assets/application.self-e80e8f2318043e8af94dddc2adad5a4f09739a8ebb323b3ab31cd71d45fd9113.css?body=1" for ::1 at 2015-04-16 14:21:25 -0400


Started GET "/assets/jquery_ujs.self-8e98a7a072a6cee1372d19fff9ff3e6aa1e39a37d89d6f06861637d061113ee7.js?body=1" for ::1 at 2015-04-16 14:21:25 -0400


Started GET "/assets/videos.self-877aef30ae1b040ab8a3aba4e3e309a11d7f2612f44dde450b5c157aa5f95c05.js?body=1" for ::1 at 2015-04-16 14:21:25 -0400


Started GET "/assets/turbolinks.self-c37727e9bd6b2735da5c311aa83fead54ed0be6cc8bd9a65309e9c5abe2cbfff.js?body=1" for ::1 at 2015-04-16 14:21:25 -0400


Started GET "/assets/application.self-3b8dabdc891efe46b9a144b400ad69e37d7e5876bdc39dee783419a69d7ca819.js?body=1" for ::1 at 2015-04-16 14:21:25 -0400


Started GET "/videos" for ::1 at 2015-04-16 14:48:10 -0400
Processing by VideosController#index as HTML
  [1m[35mVideo Load (0.5ms)[0m  SELECT "videos".* FROM "videos"
  Rendered videos/index.html.erb within layouts/application (7.1ms)
Completed 200 OK in 108ms (Views: 104.9ms | ActiveRecord: 1.3ms)


Started GET "/assets/application.self-e80e8f2318043e8af94dddc2adad5a4f09739a8ebb323b3ab31cd71d45fd9113.css?body=1" for ::1 at 2015-04-16 14:48:11 -0400


Started GET "/assets/jquery_ujs.self-8e98a7a072a6cee1372d19fff9ff3e6aa1e39a37d89d6f06861637d061113ee7.js?body=1" for ::1 at 2015-04-16 14:48:11 -0400


Started GET "/assets/jquery.self-d03a5518f45df77341bdbe6201ba3bfa547ebba8ed64f0ea56bfa5f96ea7c074.js?body=1" for ::1 at 2015-04-16 14:48:11 -0400


Started GET "/assets/videos.self-e3b0c44298fc1c149afbf4c8996fb92427ae41e4649b934ca495991b7852b855.css?body=1" for ::1 at 2015-04-16 14:48:11 -0400


Started GET "/assets/videos.self-877aef30ae1b040ab8a3aba4e3e309a11d7f2612f44dde450b5c157aa5f95c05.js?body=1" for ::1 at 2015-04-16 14:48:11 -0400


Started GET "/assets/turbolinks.self-c37727e9bd6b2735da5c311aa83fead54ed0be6cc8bd9a65309e9c5abe2cbfff.js?body=1" for ::1 at 2015-04-16 14:48:11 -0400


Started GET "/assets/application.self-3b8dabdc891efe46b9a144b400ad69e37d7e5876bdc39dee783419a69d7ca819.js?body=1" for ::1 at 2015-04-16 14:48:11 -0400


Started GET "/videos/new" for ::1 at 2015-04-16 14:48:24 -0400
Processing by VideosController#new as HTML
  Rendered videos/new.html.erb within layouts/application (1.8ms)
Completed 200 OK in 63ms (Views: 62.7ms | ActiveRecord: 0.0ms)


Started POST "/videos" for ::1 at 2015-04-16 14:48:43 -0400
Processing by VideosController#create as HTML
  Parameters: {"utf8"=>"✓", "authenticity_token"=>"OJTUcmiaUyD5Pp23Hxz911KqTIJ33kXAKnPpWtCRfoGN/X/a7+7/FkEcNHg6QvCQt/zvgCaVIKQ2GcpIUD68wA==", "url"=>"https://www.youtube.com/watch?v=C5vSsnHNW4k", "title"=>"Kendrick Lamar", "publisher"=>"IDK", "source"=>"youtube", "commit"=>"Save"}
  Rendered text template (0.0ms)
Completed 200 OK in 16ms (Views: 14.9ms | ActiveRecord: 0.0ms)


Started GET "/videos" for ::1 at 2015-04-16 14:51:20 -0400
Processing by VideosController#index as HTML
  [1m[36mVideo Load (0.2ms)[0m  [1mSELECT "videos".* FROM "videos"[0m
  Rendered videos/index.html.erb within layouts/application (1.5ms)
Completed 200 OK in 36ms (Views: 34.6ms | ActiveRecord: 0.2ms)


Started GET "/videos" for ::1 at 2015-04-16 14:56:00 -0400
Processing by VideosController#index as HTML
  [1m[35mVideo Load (0.3ms)[0m  SELECT "videos".* FROM "videos"
  Rendered videos/index.html.erb within layouts/application (5.3ms)
Completed 200 OK in 46ms (Views: 43.2ms | ActiveRecord: 0.6ms)


Started GET "/assets/application.self-e80e8f2318043e8af94dddc2adad5a4f09739a8ebb323b3ab31cd71d45fd9113.css?body=1" for ::1 at 2015-04-16 14:56:01 -0400


Started GET "/assets/jquery.self-d03a5518f45df77341bdbe6201ba3bfa547ebba8ed64f0ea56bfa5f96ea7c074.js?body=1" for ::1 at 2015-04-16 14:56:01 -0400


Started GET "/assets/videos.self-e3b0c44298fc1c149afbf4c8996fb92427ae41e4649b934ca495991b7852b855.css?body=1" for ::1 at 2015-04-16 14:56:01 -0400


Started GET "/assets/application.self-3b8dabdc891efe46b9a144b400ad69e37d7e5876bdc39dee783419a69d7ca819.js?body=1" for ::1 at 2015-04-16 14:56:01 -0400


Started GET "/assets/turbolinks.self-c37727e9bd6b2735da5c311aa83fead54ed0be6cc8bd9a65309e9c5abe2cbfff.js?body=1" for ::1 at 2015-04-16 14:56:01 -0400


Started GET "/assets/jquery_ujs.self-8e98a7a072a6cee1372d19fff9ff3e6aa1e39a37d89d6f06861637d061113ee7.js?body=1" for ::1 at 2015-04-16 14:56:01 -0400


Started GET "/assets/videos.self-877aef30ae1b040ab8a3aba4e3e309a11d7f2612f44dde450b5c157aa5f95c05.js?body=1" for ::1 at 2015-04-16 14:56:01 -0400


Started GET "/videos/new" for ::1 at 2015-04-16 14:56:05 -0400
Processing by VideosController#new as HTML
  Rendered videos/new.html.erb within layouts/application (0.7ms)
Completed 200 OK in 42ms (Views: 41.7ms | ActiveRecord: 0.0ms)


Started POST "/videos" for ::1 at 2015-04-16 14:56:13 -0400
Processing by VideosController#create as HTML
  Parameters: {"utf8"=>"✓", "authenticity_token"=>"JLCuAo6J5+uii8nB2LMfD3fMGRcokeZ9CDJXL0MjnsuR2QWqCf1L3RqpYA797RJIkpq6FXnagxkUWHQ9w4xcig==", "url"=>"https://www.youtube.com/watch?v=C5vSsnHNW4k", "title"=>"ken", "publisher"=>"oq", "source"=>"lwl,", "commit"=>"Save"}
Completed 400 Bad Request in 1ms (ActiveRecord: 0.0ms)

ActionController::ParameterMissing (param is missing or the value is empty: video):
  app/controllers/videos_controller.rb:22:in `video_params'
  app/controllers/videos_controller.rb:8:in `create'


  Rendered /Users/dvorkin212/.rbenv/versions/2.2.1/lib/ruby/gems/2.2.0/gems/actionpack-4.2.1/lib/action_dispatch/middleware/templates/rescues/_source.erb (6.7ms)
  Rendered /Users/dvorkin212/.rbenv/versions/2.2.1/lib/ruby/gems/2.2.0/gems/actionpack-4.2.1/lib/action_dispatch/middleware/templates/rescues/_trace.html.erb (2.9ms)
  Rendered /Users/dvorkin212/.rbenv/versions/2.2.1/lib/ruby/gems/2.2.0/gems/actionpack-4.2.1/lib/action_dispatch/middleware/templates/rescues/_request_and_response.html.erb (1.2ms)
  Rendered /Users/dvorkin212/.rbenv/versions/2.2.1/lib/ruby/gems/2.2.0/gems/actionpack-4.2.1/lib/action_dispatch/middleware/templates/rescues/diagnostics.html.erb within rescues/layout (77.8ms)
  Rendered /Users/dvorkin212/.rbenv/versions/2.2.1/lib/ruby/gems/2.2.0/gems/web-console-2.1.2/lib/web_console/templates/_markup.html.erb (0.6ms)
  Rendered /Users/dvorkin212/.rbenv/versions/2.2.1/lib/ruby/gems/2.2.0/gems/web-console-2.1.2/lib/web_console/templates/style.css.erb within layouts/inlined_string (0.5ms)
  Rendered /Users/dvorkin212/.rbenv/versions/2.2.1/lib/ruby/gems/2.2.0/gems/web-console-2.1.2/lib/web_console/templates/_inner_console_markup.html.erb within layouts/inlined_string (0.4ms)
  Rendered /Users/dvorkin212/.rbenv/versions/2.2.1/lib/ruby/gems/2.2.0/gems/web-console-2.1.2/lib/web_console/templates/_prompt_box_markup.html.erb within layouts/inlined_string (0.5ms)
  Rendered /Users/dvorkin212/.rbenv/versions/2.2.1/lib/ruby/gems/2.2.0/gems/web-console-2.1.2/lib/web_console/templates/console.js.erb within layouts/javascript (82.0ms)
  Rendered /Users/dvorkin212/.rbenv/versions/2.2.1/lib/ruby/gems/2.2.0/gems/web-console-2.1.2/lib/web_console/templates/main.js.erb within layouts/javascript (0.4ms)
  Rendered /Users/dvorkin212/.rbenv/versions/2.2.1/lib/ruby/gems/2.2.0/gems/web-console-2.1.2/lib/web_console/templates/error_page.js.erb within layouts/javascript (0.5ms)
  Rendered /Users/dvorkin212/.rbenv/versions/2.2.1/lib/ruby/gems/2.2.0/gems/web-console-2.1.2/lib/web_console/templates/index.html.erb (183.5ms)


Started POST "/videos" for ::1 at 2015-04-16 14:56:34 -0400
Processing by VideosController#create as HTML
  Parameters: {"utf8"=>"✓", "authenticity_token"=>"JLCuAo6J5+uii8nB2LMfD3fMGRcokeZ9CDJXL0MjnsuR2QWqCf1L3RqpYA797RJIkpq6FXnagxkUWHQ9w4xcig==", "url"=>"https://www.youtube.com/watch?v=C5vSsnHNW4k", "title"=>"ken", "publisher"=>"oq", "source"=>"lwl,", "commit"=>"Save"}
Completed 400 Bad Request in 2ms (ActiveRecord: 0.0ms)

ActionController::ParameterMissing (param is missing or the value is empty: videos):
  app/controllers/videos_controller.rb:22:in `video_params'
  app/controllers/videos_controller.rb:8:in `create'


  Rendered /Users/dvorkin212/.rbenv/versions/2.2.1/lib/ruby/gems/2.2.0/gems/actionpack-4.2.1/lib/action_dispatch/middleware/templates/rescues/_source.erb (6.0ms)
  Rendered /Users/dvorkin212/.rbenv/versions/2.2.1/lib/ruby/gems/2.2.0/gems/actionpack-4.2.1/lib/action_dispatch/middleware/templates/rescues/_trace.html.erb (2.8ms)
  Rendered /Users/dvorkin212/.rbenv/versions/2.2.1/lib/ruby/gems/2.2.0/gems/actionpack-4.2.1/lib/action_dispatch/middleware/templates/rescues/_request_and_response.html.erb (1.5ms)
  Rendered /Users/dvorkin212/.rbenv/versions/2.2.1/lib/ruby/gems/2.2.0/gems/actionpack-4.2.1/lib/action_dispatch/middleware/templates/rescues/diagnostics.html.erb within rescues/layout (83.2ms)
  Rendered /Users/dvorkin212/.rbenv/versions/2.2.1/lib/ruby/gems/2.2.0/gems/web-console-2.1.2/lib/web_console/templates/_markup.html.erb (0.5ms)
  Rendered /Users/dvorkin212/.rbenv/versions/2.2.1/lib/ruby/gems/2.2.0/gems/web-console-2.1.2/lib/web_console/templates/style.css.erb within layouts/inlined_string (0.4ms)
  Rendered /Users/dvorkin212/.rbenv/versions/2.2.1/lib/ruby/gems/2.2.0/gems/web-console-2.1.2/lib/web_console/templates/_inner_console_markup.html.erb within layouts/inlined_string (0.4ms)
  Rendered /Users/dvorkin212/.rbenv/versions/2.2.1/lib/ruby/gems/2.2.0/gems/web-console-2.1.2/lib/web_console/templates/_prompt_box_markup.html.erb within layouts/inlined_string (0.4ms)
  Rendered /Users/dvorkin212/.rbenv/versions/2.2.1/lib/ruby/gems/2.2.0/gems/web-console-2.1.2/lib/web_console/templates/console.js.erb within layouts/javascript (69.6ms)
  Rendered /Users/dvorkin212/.rbenv/versions/2.2.1/lib/ruby/gems/2.2.0/gems/web-console-2.1.2/lib/web_console/templates/main.js.erb within layouts/javascript (0.4ms)
  Rendered /Users/dvorkin212/.rbenv/versions/2.2.1/lib/ruby/gems/2.2.0/gems/web-console-2.1.2/lib/web_console/templates/error_page.js.erb within layouts/javascript (0.6ms)
  Rendered /Users/dvorkin212/.rbenv/versions/2.2.1/lib/ruby/gems/2.2.0/gems/web-console-2.1.2/lib/web_console/templates/index.html.erb (151.6ms)


Started POST "/videos" for ::1 at 2015-04-16 14:56:50 -0400
Processing by VideosController#create as HTML
  Parameters: {"utf8"=>"✓", "authenticity_token"=>"JLCuAo6J5+uii8nB2LMfD3fMGRcokeZ9CDJXL0MjnsuR2QWqCf1L3RqpYA797RJIkpq6FXnagxkUWHQ9w4xcig==", "url"=>"https://www.youtube.com/watch?v=C5vSsnHNW4k", "title"=>"ken", "publisher"=>"oq", "source"=>"lwl,", "commit"=>"Save"}
Completed 400 Bad Request in 2ms (ActiveRecord: 0.0ms)

ActionController::ParameterMissing (param is missing or the value is empty: video):
  app/controllers/videos_controller.rb:22:in `video_params'
  app/controllers/videos_controller.rb:8:in `create'


  Rendered /Users/dvorkin212/.rbenv/versions/2.2.1/lib/ruby/gems/2.2.0/gems/actionpack-4.2.1/lib/action_dispatch/middleware/templates/rescues/_source.erb (6.1ms)
  Rendered /Users/dvorkin212/.rbenv/versions/2.2.1/lib/ruby/gems/2.2.0/gems/actionpack-4.2.1/lib/action_dispatch/middleware/templates/rescues/_trace.html.erb (2.7ms)
  Rendered /Users/dvorkin212/.rbenv/versions/2.2.1/lib/ruby/gems/2.2.0/gems/actionpack-4.2.1/lib/action_dispatch/middleware/templates/rescues/_request_and_response.html.erb (1.6ms)
  Rendered /Users/dvorkin212/.rbenv/versions/2.2.1/lib/ruby/gems/2.2.0/gems/actionpack-4.2.1/lib/action_dispatch/middleware/templates/rescues/diagnostics.html.erb within rescues/layout (83.0ms)
  Rendered /Users/dvorkin212/.rbenv/versions/2.2.1/lib/ruby/gems/2.2.0/gems/web-console-2.1.2/lib/web_console/templates/_markup.html.erb (0.8ms)
  Rendered /Users/dvorkin212/.rbenv/versions/2.2.1/lib/ruby/gems/2.2.0/gems/web-console-2.1.2/lib/web_console/templates/style.css.erb within layouts/inlined_string (0.4ms)
  Rendered /Users/dvorkin212/.rbenv/versions/2.2.1/lib/ruby/gems/2.2.0/gems/web-console-2.1.2/lib/web_console/templates/_inner_console_markup.html.erb within layouts/inlined_string (0.4ms)
  Rendered /Users/dvorkin212/.rbenv/versions/2.2.1/lib/ruby/gems/2.2.0/gems/web-console-2.1.2/lib/web_console/templates/_prompt_box_markup.html.erb within layouts/inlined_string (0.4ms)
  Rendered /Users/dvorkin212/.rbenv/versions/2.2.1/lib/ruby/gems/2.2.0/gems/web-console-2.1.2/lib/web_console/templates/console.js.erb within layouts/javascript (66.8ms)
  Rendered /Users/dvorkin212/.rbenv/versions/2.2.1/lib/ruby/gems/2.2.0/gems/web-console-2.1.2/lib/web_console/templates/main.js.erb within layouts/javascript (0.4ms)
  Rendered /Users/dvorkin212/.rbenv/versions/2.2.1/lib/ruby/gems/2.2.0/gems/web-console-2.1.2/lib/web_console/templates/error_page.js.erb within layouts/javascript (0.5ms)
  Rendered /Users/dvorkin212/.rbenv/versions/2.2.1/lib/ruby/gems/2.2.0/gems/web-console-2.1.2/lib/web_console/templates/index.html.erb (150.4ms)


Started GET "/videos/new" for ::1 at 2015-04-16 14:56:53 -0400
Processing by VideosController#new as HTML
  Rendered videos/new.html.erb within layouts/application (0.8ms)
Completed 200 OK in 45ms (Views: 35.9ms | ActiveRecord: 1.0ms)


Started POST "/videos" for ::1 at 2015-04-16 14:57:03 -0400
Processing by VideosController#create as HTML
  Parameters: {"utf8"=>"✓", "authenticity_token"=>"IjBh6ONNAwA/Ki1WeBeoRoWEqHT9u4l8KeuPZaGq9UmXWcpAZDmvNocIhJldSaUBYNILdqzw7Bg1gax3IQU3CA==", "url"=>"https://www.youtube.com/watch?v=C5vSsnHNW4k", "title"=>"Kendrick Lamar", "publisher"=>"bla bla", "source"=>"youtube", "commit"=>"Save"}
Completed 400 Bad Request in 1ms (ActiveRecord: 0.0ms)

ActionController::ParameterMissing (param is missing or the value is empty: video):
  app/controllers/videos_controller.rb:22:in `video_params'
  app/controllers/videos_controller.rb:8:in `create'


  Rendered /Users/dvorkin212/.rbenv/versions/2.2.1/lib/ruby/gems/2.2.0/gems/actionpack-4.2.1/lib/action_dispatch/middleware/templates/rescues/_source.erb (5.9ms)
  Rendered /Users/dvorkin212/.rbenv/versions/2.2.1/lib/ruby/gems/2.2.0/gems/actionpack-4.2.1/lib/action_dispatch/middleware/templates/rescues/_trace.html.erb (3.2ms)
  Rendered /Users/dvorkin212/.rbenv/versions/2.2.1/lib/ruby/gems/2.2.0/gems/actionpack-4.2.1/lib/action_dispatch/middleware/templates/rescues/_request_and_response.html.erb (1.5ms)
  Rendered /Users/dvorkin212/.rbenv/versions/2.2.1/lib/ruby/gems/2.2.0/gems/actionpack-4.2.1/lib/action_dispatch/middleware/templates/rescues/diagnostics.html.erb within rescues/layout (82.7ms)
  Rendered /Users/dvorkin212/.rbenv/versions/2.2.1/lib/ruby/gems/2.2.0/gems/web-console-2.1.2/lib/web_console/templates/_markup.html.erb (0.4ms)
  Rendered /Users/dvorkin212/.rbenv/versions/2.2.1/lib/ruby/gems/2.2.0/gems/web-console-2.1.2/lib/web_console/templates/style.css.erb within layouts/inlined_string (0.4ms)
  Rendered /Users/dvorkin212/.rbenv/versions/2.2.1/lib/ruby/gems/2.2.0/gems/web-console-2.1.2/lib/web_console/templates/_inner_console_markup.html.erb within layouts/inlined_string (0.4ms)
  Rendered /Users/dvorkin212/.rbenv/versions/2.2.1/lib/ruby/gems/2.2.0/gems/web-console-2.1.2/lib/web_console/templates/_prompt_box_markup.html.erb within layouts/inlined_string (0.4ms)
  Rendered /Users/dvorkin212/.rbenv/versions/2.2.1/lib/ruby/gems/2.2.0/gems/web-console-2.1.2/lib/web_console/templates/console.js.erb within layouts/javascript (65.8ms)
  Rendered /Users/dvorkin212/.rbenv/versions/2.2.1/lib/ruby/gems/2.2.0/gems/web-console-2.1.2/lib/web_console/templates/main.js.erb within layouts/javascript (0.4ms)
  Rendered /Users/dvorkin212/.rbenv/versions/2.2.1/lib/ruby/gems/2.2.0/gems/web-console-2.1.2/lib/web_console/templates/error_page.js.erb within layouts/javascript (0.5ms)
  Rendered /Users/dvorkin212/.rbenv/versions/2.2.1/lib/ruby/gems/2.2.0/gems/web-console-2.1.2/lib/web_console/templates/index.html.erb (149.5ms)


Started POST "/videos" for ::1 at 2015-04-16 14:59:16 -0400
Processing by VideosController#create as HTML
  Parameters: {"utf8"=>"✓", "authenticity_token"=>"IjBh6ONNAwA/Ki1WeBeoRoWEqHT9u4l8KeuPZaGq9UmXWcpAZDmvNocIhJldSaUBYNILdqzw7Bg1gax3IQU3CA==", "url"=>"https://www.youtube.com/watch?v=C5vSsnHNW4k", "title"=>"Kendrick Lamar", "publisher"=>"bla bla", "source"=>"youtube", "commit"=>"Save"}
Completed 400 Bad Request in 1ms (ActiveRecord: 0.0ms)

ActionController::ParameterMissing (param is missing or the value is empty: video):
  app/controllers/videos_controller.rb:22:in `video_params'
  app/controllers/videos_controller.rb:8:in `create'


  Rendered /Users/dvorkin212/.rbenv/versions/2.2.1/lib/ruby/gems/2.2.0/gems/actionpack-4.2.1/lib/action_dispatch/middleware/templates/rescues/_source.erb (6.7ms)
  Rendered /Users/dvorkin212/.rbenv/versions/2.2.1/lib/ruby/gems/2.2.0/gems/actionpack-4.2.1/lib/action_dispatch/middleware/templates/rescues/_trace.html.erb (2.7ms)
  Rendered /Users/dvorkin212/.rbenv/versions/2.2.1/lib/ruby/gems/2.2.0/gems/actionpack-4.2.1/lib/action_dispatch/middleware/templates/rescues/_request_and_response.html.erb (1.3ms)
  Rendered /Users/dvorkin212/.rbenv/versions/2.2.1/lib/ruby/gems/2.2.0/gems/actionpack-4.2.1/lib/action_dispatch/middleware/templates/rescues/diagnostics.html.erb within rescues/layout (77.5ms)
  Rendered /Users/dvorkin212/.rbenv/versions/2.2.1/lib/ruby/gems/2.2.0/gems/web-console-2.1.2/lib/web_console/templates/_markup.html.erb (0.6ms)
  Rendered /Users/dvorkin212/.rbenv/versions/2.2.1/lib/ruby/gems/2.2.0/gems/web-console-2.1.2/lib/web_console/templates/style.css.erb within layouts/inlined_string (0.4ms)
  Rendered /Users/dvorkin212/.rbenv/versions/2.2.1/lib/ruby/gems/2.2.0/gems/web-console-2.1.2/lib/web_console/templates/_inner_console_markup.html.erb within layouts/inlined_string (0.5ms)
  Rendered /Users/dvorkin212/.rbenv/versions/2.2.1/lib/ruby/gems/2.2.0/gems/web-console-2.1.2/lib/web_console/templates/_prompt_box_markup.html.erb within layouts/inlined_string (0.6ms)
  Rendered /Users/dvorkin212/.rbenv/versions/2.2.1/lib/ruby/gems/2.2.0/gems/web-console-2.1.2/lib/web_console/templates/console.js.erb within layouts/javascript (77.8ms)
  Rendered /Users/dvorkin212/.rbenv/versions/2.2.1/lib/ruby/gems/2.2.0/gems/web-console-2.1.2/lib/web_console/templates/main.js.erb within layouts/javascript (0.5ms)
  Rendered /Users/dvorkin212/.rbenv/versions/2.2.1/lib/ruby/gems/2.2.0/gems/web-console-2.1.2/lib/web_console/templates/error_page.js.erb within layouts/javascript (0.7ms)
  Rendered /Users/dvorkin212/.rbenv/versions/2.2.1/lib/ruby/gems/2.2.0/gems/web-console-2.1.2/lib/web_console/templates/index.html.erb (180.5ms)


Started GET "/videos" for ::1 at 2015-04-16 14:59:19 -0400
Processing by VideosController#index as HTML
  [1m[36mVideo Load (0.3ms)[0m  [1mSELECT "videos".* FROM "videos"[0m
  Rendered videos/index.html.erb within layouts/application (1.3ms)
Completed 200 OK in 140ms (Views: 138.7ms | ActiveRecord: 0.3ms)


Started GET "/videos/new" for ::1 at 2015-04-16 14:59:22 -0400
Processing by VideosController#new as HTML
  Rendered videos/new.html.erb within layouts/application (224.3ms)
Completed 500 Internal Server Error in 229ms (ActiveRecord: 0.0ms)

ActionView::Template::Error (undefined method `submit_tag' for #<ActionView::Helpers::FormBuilder:0x007f85669f9870>):
    13:     <%= y.text_field :source, placeholder: "Enter Source of Video" %>
    14:   </p>
    15:   <p>
    16:     <%= y.submit_tag "Save" %>
    17:   </p>
    18: <% end %>
  app/views/videos/new.html.erb:16:in `block in _app_views_videos_new_html_erb___2426221083454027731_70105464685100'
  app/views/videos/new.html.erb:2:in `_app_views_videos_new_html_erb___2426221083454027731_70105464685100'


  Rendered /Users/dvorkin212/.rbenv/versions/2.2.1/lib/ruby/gems/2.2.0/gems/actionpack-4.2.1/lib/action_dispatch/middleware/templates/rescues/_source.erb (8.1ms)
  Rendered /Users/dvorkin212/.rbenv/versions/2.2.1/lib/ruby/gems/2.2.0/gems/actionpack-4.2.1/lib/action_dispatch/middleware/templates/rescues/_trace.html.erb (3.6ms)
  Rendered /Users/dvorkin212/.rbenv/versions/2.2.1/lib/ruby/gems/2.2.0/gems/actionpack-4.2.1/lib/action_dispatch/middleware/templates/rescues/_request_and_response.html.erb (1.2ms)
  Rendered /Users/dvorkin212/.rbenv/versions/2.2.1/lib/ruby/gems/2.2.0/gems/actionpack-4.2.1/lib/action_dispatch/middleware/templates/rescues/template_error.html.erb within rescues/layout (79.0ms)
  Rendered /Users/dvorkin212/.rbenv/versions/2.2.1/lib/ruby/gems/2.2.0/gems/web-console-2.1.2/lib/web_console/templates/_markup.html.erb (0.4ms)
  Rendered /Users/dvorkin212/.rbenv/versions/2.2.1/lib/ruby/gems/2.2.0/gems/web-console-2.1.2/lib/web_console/templates/style.css.erb within layouts/inlined_string (0.5ms)
  Rendered /Users/dvorkin212/.rbenv/versions/2.2.1/lib/ruby/gems/2.2.0/gems/web-console-2.1.2/lib/web_console/templates/_inner_console_markup.html.erb within layouts/inlined_string (0.4ms)
  Rendered /Users/dvorkin212/.rbenv/versions/2.2.1/lib/ruby/gems/2.2.0/gems/web-console-2.1.2/lib/web_console/templates/_prompt_box_markup.html.erb within layouts/inlined_string (0.6ms)
  Rendered /Users/dvorkin212/.rbenv/versions/2.2.1/lib/ruby/gems/2.2.0/gems/web-console-2.1.2/lib/web_console/templates/console.js.erb within layouts/javascript (71.6ms)
  Rendered /Users/dvorkin212/.rbenv/versions/2.2.1/lib/ruby/gems/2.2.0/gems/web-console-2.1.2/lib/web_console/templates/main.js.erb within layouts/javascript (0.5ms)
  Rendered /Users/dvorkin212/.rbenv/versions/2.2.1/lib/ruby/gems/2.2.0/gems/web-console-2.1.2/lib/web_console/templates/error_page.js.erb within layouts/javascript (0.6ms)
  Rendered /Users/dvorkin212/.rbenv/versions/2.2.1/lib/ruby/gems/2.2.0/gems/web-console-2.1.2/lib/web_console/templates/index.html.erb (153.4ms)


Started GET "/videos/new" for ::1 at 2015-04-16 14:59:44 -0400
Processing by VideosController#new as HTML
  Rendered videos/new.html.erb within layouts/application (1.5ms)
Completed 200 OK in 39ms (Views: 38.5ms | ActiveRecord: 0.0ms)


Started GET "/assets/application.self-e80e8f2318043e8af94dddc2adad5a4f09739a8ebb323b3ab31cd71d45fd9113.css?body=1" for ::1 at 2015-04-16 14:59:44 -0400


Started GET "/assets/videos.self-e3b0c44298fc1c149afbf4c8996fb92427ae41e4649b934ca495991b7852b855.css?body=1" for ::1 at 2015-04-16 14:59:44 -0400


Started GET "/assets/jquery.self-d03a5518f45df77341bdbe6201ba3bfa547ebba8ed64f0ea56bfa5f96ea7c074.js?body=1" for ::1 at 2015-04-16 14:59:44 -0400


Started GET "/assets/jquery_ujs.self-8e98a7a072a6cee1372d19fff9ff3e6aa1e39a37d89d6f06861637d061113ee7.js?body=1" for ::1 at 2015-04-16 14:59:44 -0400


Started GET "/assets/application.self-3b8dabdc891efe46b9a144b400ad69e37d7e5876bdc39dee783419a69d7ca819.js?body=1" for ::1 at 2015-04-16 14:59:44 -0400


Started GET "/assets/turbolinks.self-c37727e9bd6b2735da5c311aa83fead54ed0be6cc8bd9a65309e9c5abe2cbfff.js?body=1" for ::1 at 2015-04-16 14:59:44 -0400


Started GET "/assets/videos.self-877aef30ae1b040ab8a3aba4e3e309a11d7f2612f44dde450b5c157aa5f95c05.js?body=1" for ::1 at 2015-04-16 14:59:44 -0400


Started POST "/videos" for ::1 at 2015-04-16 14:59:55 -0400
Processing by VideosController#create as HTML
  Parameters: {"utf8"=>"✓", "authenticity_token"=>"MO9YUQSN1OnhcLFbEAWoQs0CxVB2BPS2cXpPm1EN/KqFhvP5g/l431lSGJQ1W6UFKFRmUidPkdJtEGyJ0aI+6w==", "video"=>{"url"=>"https://www.youtube.com/watch?v=C5vSsnHNW4k", "title"=>"kendrick lamar", "publisher"=>"kendrick lamar", "source"=>"youtube"}, "commit"=>"Save"}
  [1m[35m (0.2ms)[0m  begin transaction
  [1m[36mSQL (0.6ms)[0m  [1mINSERT INTO "videos" ("publisher", "title", "url", "source", "created_at", "updated_at") VALUES (?, ?, ?, ?, ?, ?)[0m  [["publisher", "kendrick lamar"], ["title", "kendrick lamar"], ["url", "https://www.youtube.com/watch?v=C5vSsnHNW4k"], ["source", "youtube"], ["created_at", "2015-04-16 18:59:55.493725"], ["updated_at", "2015-04-16 18:59:55.493725"]]
  [1m[35m (1.4ms)[0m  commit transaction
Redirected to http://localhost:3000/videos
Completed 302 Found in 144ms (ActiveRecord: 2.2ms)


Started GET "/videos" for ::1 at 2015-04-16 14:59:55 -0400
Processing by VideosController#index as HTML
  [1m[36mVideo Load (0.3ms)[0m  [1mSELECT "videos".* FROM "videos"[0m
  Rendered videos/index.html.erb within layouts/application (1.2ms)
Completed 200 OK in 33ms (Views: 31.7ms | ActiveRecord: 0.3ms)


Started GET "/videos/new" for ::1 at 2015-04-16 15:01:08 -0400
Processing by VideosController#new as HTML
  Rendered videos/new.html.erb within layouts/application (1.6ms)
Completed 200 OK in 134ms (Views: 133.1ms | ActiveRecord: 0.0ms)
